<?xml version="1.0" encoding="UTF-8"?>
<testsuite xmlns:xsi="http://www.w3.org/2001/XMLSchema-instance" xsi:noNamespaceSchemaLocation="https://maven.apache.org/surefire/maven-surefire-plugin/xsd/surefire-test-report.xsd" name="TestSuite" time="3,637.476" tests="18" errors="0" skipped="17" failures="1">
  <properties>
[...]
</properties>
  <testcase name="startSession" classname="sanity.NopCommerceWeb" time="3,630.956">
    <failure message="io.github.bonigarcia.wdm.config.WebDriverManagerException: java.net.UnknownHostException: chromedriver.storage.googleapis.com" type="io.github.bonigarcia.wdm.config.WebDriverManagerException">io.github.bonigarcia.wdm.config.WebDriverManagerException: io.github.bonigarcia.wdm.config.WebDriverManagerException: java.net.UnknownHostException: chromedriver.storage.googleapis.com
Caused by: io.github.bonigarcia.wdm.config.WebDriverManagerException: java.net.UnknownHostException: chromedriver.storage.googleapis.com
Caused by: java.net.UnknownHostException: chromedriver.storage.googleapis.com
</failure>
    <system-out><![CDATA[............starting execution..........
]]></system-out>
    <system-err><![CDATA[SLF4J: Failed to load class "org.slf4j.impl.StaticLoggerBinder".
SLF4J: Defaulting to no-operation (NOP) logger implementation
SLF4J: See http://www.slf4j.org/codes.html#StaticLoggerBinder for further details.
]]></system-err>
  </testcase>
  <testcase name="before_method" classname="sanity.NopCommerceWeb" time="0">
    <skipped/>
  </testcase>
  <testcase name="before_method" classname="sanity.NopCommerceWeb" time="0">
    <skipped/>
  </testcase>
  <testcase name="before_method" classname="sanity.NopCommerceWeb" time="0">
    <skipped/>
  </testcase>
  <testcase name="before_method" classname="sanity.NopCommerceWeb" time="0">
    <skipped/>
  </testcase>
  <testcase name="before_method" classname="sanity.NopCommerceWeb" time="0">
    <skipped/>
  </testcase>
  <testcase name="before_method" classname="sanity.NopCommerceWeb" time="0">
    <skipped/>
  </testcase>
  <testcase name="before_method" classname="sanity.NopCommerceWeb" time="0">
    <skipped/>
  </testcase>
  <testcase name="before_method" classname="sanity.NopCommerceWeb" time="0">
    <skipped/>
  </testcase>
  <testcase name="test01_verifylogin" classname="sanity.NopCommerceWeb" time="0">
    <skipped message="io.github.bonigarcia.wdm.config.WebDriverManagerException: java.net.UnknownHostException: chromedriver.storage.googleapis.com"/>
    <system-out><![CDATA[....start test........ test01_verifylogin
]]></system-out>
  </testcase>
  <testcase name="test02_mouseHoverComputers" classname="sanity.NopCommerceWeb" time="0">
    <skipped message="io.github.bonigarcia.wdm.config.WebDriverManagerException: java.net.UnknownHostException: chromedriver.storage.googleapis.com"/>
    <system-out><![CDATA[....start test........ test02_mouseHoverComputers
]]></system-out>
  </testcase>
  <testcase name="test03_goToWin8andAddToCart" classname="sanity.NopCommerceWeb" time="0">
    <skipped message="io.github.bonigarcia.wdm.config.WebDriverManagerException: java.net.UnknownHostException: chromedriver.storage.googleapis.com"/>
    <system-out><![CDATA[....start test........ test03_goToWin8andAddToCart
]]></system-out>
  </testcase>
  <testcase name="test04_verifyMenuBarElements" classname="sanity.NopCommerceWeb" time="0">
    <skipped message="io.github.bonigarcia.wdm.config.WebDriverManagerException: java.net.UnknownHostException: chromedriver.storage.googleapis.com"/>
    <system-out><![CDATA[....start test........ test04_verifyMenuBarElements
]]></system-out>
  </testcase>
  <testcase name="test05_searchProduct" classname="sanity.NopCommerceWeb" time="0">
    <skipped message="io.github.bonigarcia.wdm.config.WebDriverManagerException: java.net.UnknownHostException: chromedriver.storage.googleapis.com"/>
    <system-out><![CDATA[....start test........ test05_searchProduct
]]></system-out>
  </testcase>
  <testcase name="test05_searchProduct" classname="sanity.NopCommerceWeb" time="0">
    <skipped message="io.github.bonigarcia.wdm.config.WebDriverManagerException: java.net.UnknownHostException: chromedriver.storage.googleapis.com"/>
    <system-out><![CDATA[....start test........ test05_searchProduct
]]></system-out>
  </testcase>
  <testcase name="test06_searchProduct" classname="sanity.NopCommerceWeb" time="0">
    <skipped message="io.github.bonigarcia.wdm.config.WebDriverManagerException: java.net.UnknownHostException: chromedriver.storage.googleapis.com"/>
    <system-out><![CDATA[....start test........ test06_searchProduct
]]></system-out>
  </testcase>
  <testcase name="test06_searchProduct" classname="sanity.NopCommerceWeb" time="0">
    <skipped message="io.github.bonigarcia.wdm.config.WebDriverManagerException: java.net.UnknownHostException: chromedriver.storage.googleapis.com"/>
    <system-out><![CDATA[....start test........ test06_searchProduct
]]></system-out>
  </testcase>
  <testcase name="closeSession" classname="sanity.NopCommerceWeb" time="0">
    <skipped/>
  </testcase>
</testsuite>